<?xml version="1.0" encoding="UTF-8" ?>
<testsuite tests="9" failures="0" name="com.example.toolrental.ToolRentalServiceTest" time="0.064" errors="0" skipped="0">
  <properties>
[...]
</properties>
  <testcase classname="com.example.toolrental.ToolRentalServiceTest" name="testScenario1" time="0.012"/>
  <testcase classname="com.example.toolrental.ToolRentalServiceTest" name="testScenario2" time="0.04"/>
  <testcase classname="com.example.toolrental.ToolRentalServiceTest" name="testScenario3" time="0.002"/>
  <testcase classname="com.example.toolrental.ToolRentalServiceTest" name="testScenario4" time="0.002"/>
  <testcase classname="com.example.toolrental.ToolRentalServiceTest" name="testScenario5" time="0.002"/>
  <testcase classname="com.example.toolrental.ToolRentalServiceTest" name="testScenario6" time="0.004"/>
  <testcase classname="com.example.toolrental.ToolRentalServiceTest" name="testValidCheckout" time="0.002"/>
  <testcase classname="com.example.toolrental.ToolRentalServiceTest" name="testInvalidDiscountPercent" time="0"/>
  <testcase classname="com.example.toolrental.ToolRentalServiceTest" name="testInvalidRentalDays" time="0"/>
</testsuite>